<?xml version="1.0" encoding="UTF-8"?>
<testng-results ignored="0" total="1" passed="1" failed="0" skipped="0">
  <reporter-output>
  </reporter-output>
  <suite started-at="2020-01-05T21:06:30 IST" name="Default suite" finished-at="2020-01-05T21:06:46 IST" duration-ms="16073">
    <groups>
    </groups>
    <test started-at="2020-01-05T21:06:30 IST" name="Default test" finished-at="2020-01-05T21:06:46 IST" duration-ms="16073">
      <class name="JenkinsBasics.JenkinsBasics.JenkinsOpenBrowser">
        <test-method signature="TestingJenkins()[pri:0, instance:JenkinsBasics.JenkinsBasics.JenkinsOpenBrowser@6b8ca3c8]" started-at="2020-01-05T21:06:30 IST" name="TestingJenkins" finished-at="2020-01-05T21:06:46 IST" duration-ms="16012" status="PASS">
          <reporter-output>
          </reporter-output>
        </test-method> <!-- TestingJenkins -->
      </class> <!-- JenkinsBasics.JenkinsBasics.JenkinsOpenBrowser -->
    </test> <!-- Default test -->
  </suite> <!-- Default suite -->
</testng-results>
